                              1 ;--------------------------------------------------------
                              2 ; File Created by SDCC : free open source ANSI-C Compiler
                              3 ; Version 3.6.8 #9946 (Mac OS X x86_64)
                              4 ;--------------------------------------------------------
                              5 	.module nave
                              6 	.optsdcc -mz80
                              7 	
                              8 ;--------------------------------------------------------
                              9 ; Public variables in this module
                             10 ;--------------------------------------------------------
                             11 	.globl _sp_player_ship
                             12 ;--------------------------------------------------------
                             13 ; special function registers
                             14 ;--------------------------------------------------------
                             15 ;--------------------------------------------------------
                             16 ; ram data
                             17 ;--------------------------------------------------------
                             18 	.area _DATA
                             19 ;--------------------------------------------------------
                             20 ; ram data
                             21 ;--------------------------------------------------------
                             22 	.area _INITIALIZED
                             23 ;--------------------------------------------------------
                             24 ; absolute external ram data
                             25 ;--------------------------------------------------------
                             26 	.area _DABS (ABS)
                             27 ;--------------------------------------------------------
                             28 ; global & static initialisations
                             29 ;--------------------------------------------------------
                             30 	.area _HOME
                             31 	.area _GSINIT
                             32 	.area _GSFINAL
                             33 	.area _GSINIT
                             34 ;--------------------------------------------------------
                             35 ; Home
                             36 ;--------------------------------------------------------
                             37 	.area _HOME
                             38 	.area _HOME
                             39 ;--------------------------------------------------------
                             40 ; code
                             41 ;--------------------------------------------------------
                             42 	.area _CODE
                             43 	.area _CODE
   0000                      44 _sp_player_ship:
   0000 C0                   45 	.db #0xc0	; 192
   0001 C0                   46 	.db #0xc0	; 192
   0002 C0                   47 	.db #0xc0	; 192
   0003 C0                   48 	.db #0xc0	; 192
   0004 C0                   49 	.db #0xc0	; 192
   0005 C0                   50 	.db #0xc0	; 192
   0006 C0                   51 	.db #0xc0	; 192
   0007 C0                   52 	.db #0xc0	; 192
   0008 C0                   53 	.db #0xc0	; 192
   0009 C0                   54 	.db #0xc0	; 192
   000A C0                   55 	.db #0xc0	; 192
   000B C0                   56 	.db #0xc0	; 192
   000C C0                   57 	.db #0xc0	; 192
   000D C0                   58 	.db #0xc0	; 192
   000E C0                   59 	.db #0xc0	; 192
   000F C0                   60 	.db #0xc0	; 192
   0010 C0                   61 	.db #0xc0	; 192
   0011 C0                   62 	.db #0xc0	; 192
   0012 C0                   63 	.db #0xc0	; 192
   0013 C0                   64 	.db #0xc0	; 192
   0014 C0                   65 	.db #0xc0	; 192
   0015 C0                   66 	.db #0xc0	; 192
   0016 C0                   67 	.db #0xc0	; 192
   0017 C0                   68 	.db #0xc0	; 192
   0018 C0                   69 	.db #0xc0	; 192
   0019 C0                   70 	.db #0xc0	; 192
   001A C0                   71 	.db #0xc0	; 192
   001B C0                   72 	.db #0xc0	; 192
   001C C0                   73 	.db #0xc0	; 192
   001D 90                   74 	.db #0x90	; 144
   001E 60                   75 	.db #0x60	; 96
   001F C0                   76 	.db #0xc0	; 192
   0020 C0                   77 	.db #0xc0	; 192
   0021 C0                   78 	.db #0xc0	; 192
   0022 C0                   79 	.db #0xc0	; 192
   0023 C0                   80 	.db #0xc0	; 192
   0024 C0                   81 	.db #0xc0	; 192
   0025 C0                   82 	.db #0xc0	; 192
   0026 C0                   83 	.db #0xc0	; 192
   0027 C0                   84 	.db #0xc0	; 192
   0028 C0                   85 	.db #0xc0	; 192
   0029 C0                   86 	.db #0xc0	; 192
   002A C0                   87 	.db #0xc0	; 192
   002B C0                   88 	.db #0xc0	; 192
   002C C0                   89 	.db #0xc0	; 192
   002D C0                   90 	.db #0xc0	; 192
   002E C0                   91 	.db #0xc0	; 192
   002F C0                   92 	.db #0xc0	; 192
   0030 C0                   93 	.db #0xc0	; 192
   0031 D5                   94 	.db #0xd5	; 213
   0032 EA                   95 	.db #0xea	; 234
   0033 C0                   96 	.db #0xc0	; 192
   0034 C0                   97 	.db #0xc0	; 192
   0035 C0                   98 	.db #0xc0	; 192
   0036 C0                   99 	.db #0xc0	; 192
   0037 C0                  100 	.db #0xc0	; 192
   0038 C0                  101 	.db #0xc0	; 192
   0039 C0                  102 	.db #0xc0	; 192
   003A C0                  103 	.db #0xc0	; 192
   003B C0                  104 	.db #0xc0	; 192
   003C C0                  105 	.db #0xc0	; 192
   003D C0                  106 	.db #0xc0	; 192
   003E C0                  107 	.db #0xc0	; 192
   003F C0                  108 	.db #0xc0	; 192
   0040 C0                  109 	.db #0xc0	; 192
   0041 C0                  110 	.db #0xc0	; 192
   0042 C0                  111 	.db #0xc0	; 192
   0043 C0                  112 	.db #0xc0	; 192
   0044 C0                  113 	.db #0xc0	; 192
   0045 FF                  114 	.db #0xff	; 255
   0046 FF                  115 	.db #0xff	; 255
   0047 C0                  116 	.db #0xc0	; 192
   0048 C0                  117 	.db #0xc0	; 192
   0049 C0                  118 	.db #0xc0	; 192
   004A C0                  119 	.db #0xc0	; 192
   004B C0                  120 	.db #0xc0	; 192
   004C C0                  121 	.db #0xc0	; 192
   004D C0                  122 	.db #0xc0	; 192
   004E C0                  123 	.db #0xc0	; 192
   004F C0                  124 	.db #0xc0	; 192
   0050 C0                  125 	.db #0xc0	; 192
   0051 C0                  126 	.db #0xc0	; 192
   0052 C0                  127 	.db #0xc0	; 192
   0053 C0                  128 	.db #0xc0	; 192
   0054 C0                  129 	.db #0xc0	; 192
   0055 C0                  130 	.db #0xc0	; 192
   0056 C0                  131 	.db #0xc0	; 192
   0057 C0                  132 	.db #0xc0	; 192
   0058 C0                  133 	.db #0xc0	; 192
   0059 FF                  134 	.db #0xff	; 255
   005A FF                  135 	.db #0xff	; 255
   005B C0                  136 	.db #0xc0	; 192
   005C C0                  137 	.db #0xc0	; 192
   005D C0                  138 	.db #0xc0	; 192
   005E C0                  139 	.db #0xc0	; 192
   005F C0                  140 	.db #0xc0	; 192
   0060 C0                  141 	.db #0xc0	; 192
   0061 C0                  142 	.db #0xc0	; 192
   0062 C0                  143 	.db #0xc0	; 192
   0063 C0                  144 	.db #0xc0	; 192
   0064 C0                  145 	.db #0xc0	; 192
   0065 C0                  146 	.db #0xc0	; 192
   0066 C0                  147 	.db #0xc0	; 192
   0067 C0                  148 	.db #0xc0	; 192
   0068 C0                  149 	.db #0xc0	; 192
   0069 C0                  150 	.db #0xc0	; 192
   006A C0                  151 	.db #0xc0	; 192
   006B C0                  152 	.db #0xc0	; 192
   006C C0                  153 	.db #0xc0	; 192
   006D FF                  154 	.db #0xff	; 255
   006E FF                  155 	.db #0xff	; 255
   006F C0                  156 	.db #0xc0	; 192
   0070 C0                  157 	.db #0xc0	; 192
   0071 C0                  158 	.db #0xc0	; 192
   0072 C0                  159 	.db #0xc0	; 192
   0073 C0                  160 	.db #0xc0	; 192
   0074 C0                  161 	.db #0xc0	; 192
   0075 C0                  162 	.db #0xc0	; 192
   0076 C0                  163 	.db #0xc0	; 192
   0077 C0                  164 	.db #0xc0	; 192
   0078 C0                  165 	.db #0xc0	; 192
   0079 C0                  166 	.db #0xc0	; 192
   007A C0                  167 	.db #0xc0	; 192
   007B C0                  168 	.db #0xc0	; 192
   007C C0                  169 	.db #0xc0	; 192
   007D C0                  170 	.db #0xc0	; 192
   007E C0                  171 	.db #0xc0	; 192
   007F C0                  172 	.db #0xc0	; 192
   0080 D5                  173 	.db #0xd5	; 213
   0081 FF                  174 	.db #0xff	; 255
   0082 FF                  175 	.db #0xff	; 255
   0083 EA                  176 	.db #0xea	; 234
   0084 C0                  177 	.db #0xc0	; 192
   0085 C0                  178 	.db #0xc0	; 192
   0086 C0                  179 	.db #0xc0	; 192
   0087 C0                  180 	.db #0xc0	; 192
   0088 C0                  181 	.db #0xc0	; 192
   0089 C0                  182 	.db #0xc0	; 192
   008A C0                  183 	.db #0xc0	; 192
   008B C0                  184 	.db #0xc0	; 192
   008C C0                  185 	.db #0xc0	; 192
   008D C0                  186 	.db #0xc0	; 192
   008E C0                  187 	.db #0xc0	; 192
   008F C0                  188 	.db #0xc0	; 192
   0090 C0                  189 	.db #0xc0	; 192
   0091 C0                  190 	.db #0xc0	; 192
   0092 C0                  191 	.db #0xc0	; 192
   0093 C0                  192 	.db #0xc0	; 192
   0094 D5                  193 	.db #0xd5	; 213
   0095 EA                  194 	.db #0xea	; 234
   0096 D5                  195 	.db #0xd5	; 213
   0097 EA                  196 	.db #0xea	; 234
   0098 C0                  197 	.db #0xc0	; 192
   0099 C0                  198 	.db #0xc0	; 192
   009A C0                  199 	.db #0xc0	; 192
   009B C0                  200 	.db #0xc0	; 192
   009C C0                  201 	.db #0xc0	; 192
   009D C0                  202 	.db #0xc0	; 192
   009E C0                  203 	.db #0xc0	; 192
   009F C0                  204 	.db #0xc0	; 192
   00A0 C0                  205 	.db #0xc0	; 192
   00A1 C0                  206 	.db #0xc0	; 192
   00A2 C0                  207 	.db #0xc0	; 192
   00A3 C0                  208 	.db #0xc0	; 192
   00A4 C0                  209 	.db #0xc0	; 192
   00A5 C0                  210 	.db #0xc0	; 192
   00A6 C0                  211 	.db #0xc0	; 192
   00A7 C0                  212 	.db #0xc0	; 192
   00A8 D5                  213 	.db #0xd5	; 213
   00A9 D5                  214 	.db #0xd5	; 213
   00AA EA                  215 	.db #0xea	; 234
   00AB EA                  216 	.db #0xea	; 234
   00AC C0                  217 	.db #0xc0	; 192
   00AD C0                  218 	.db #0xc0	; 192
   00AE C0                  219 	.db #0xc0	; 192
   00AF C0                  220 	.db #0xc0	; 192
   00B0 C0                  221 	.db #0xc0	; 192
   00B1 C0                  222 	.db #0xc0	; 192
   00B2 C0                  223 	.db #0xc0	; 192
   00B3 C0                  224 	.db #0xc0	; 192
   00B4 C0                  225 	.db #0xc0	; 192
   00B5 C0                  226 	.db #0xc0	; 192
   00B6 C0                  227 	.db #0xc0	; 192
   00B7 C0                  228 	.db #0xc0	; 192
   00B8 C0                  229 	.db #0xc0	; 192
   00B9 C0                  230 	.db #0xc0	; 192
   00BA C0                  231 	.db #0xc0	; 192
   00BB C0                  232 	.db #0xc0	; 192
   00BC C0                  233 	.db #0xc0	; 192
   00BD FF                  234 	.db #0xff	; 255
   00BE FF                  235 	.db #0xff	; 255
   00BF C0                  236 	.db #0xc0	; 192
   00C0 C0                  237 	.db #0xc0	; 192
   00C1 C0                  238 	.db #0xc0	; 192
   00C2 C0                  239 	.db #0xc0	; 192
   00C3 C0                  240 	.db #0xc0	; 192
   00C4 C0                  241 	.db #0xc0	; 192
   00C5 C0                  242 	.db #0xc0	; 192
   00C6 C0                  243 	.db #0xc0	; 192
   00C7 C0                  244 	.db #0xc0	; 192
   00C8 C0                  245 	.db #0xc0	; 192
   00C9 C0                  246 	.db #0xc0	; 192
   00CA C0                  247 	.db #0xc0	; 192
   00CB C0                  248 	.db #0xc0	; 192
   00CC C0                  249 	.db #0xc0	; 192
   00CD C0                  250 	.db #0xc0	; 192
   00CE C0                  251 	.db #0xc0	; 192
   00CF C0                  252 	.db #0xc0	; 192
   00D0 42                  253 	.db #0x42	; 66	'B'
   00D1 3C                  254 	.db #0x3c	; 60
   00D2 3C                  255 	.db #0x3c	; 60
   00D3 81                  256 	.db #0x81	; 129
   00D4 C0                  257 	.db #0xc0	; 192
   00D5 C0                  258 	.db #0xc0	; 192
   00D6 C0                  259 	.db #0xc0	; 192
   00D7 C0                  260 	.db #0xc0	; 192
   00D8 C0                  261 	.db #0xc0	; 192
   00D9 C0                  262 	.db #0xc0	; 192
   00DA C0                  263 	.db #0xc0	; 192
   00DB C0                  264 	.db #0xc0	; 192
   00DC C0                  265 	.db #0xc0	; 192
   00DD C0                  266 	.db #0xc0	; 192
   00DE C0                  267 	.db #0xc0	; 192
   00DF C0                  268 	.db #0xc0	; 192
   00E0 C0                  269 	.db #0xc0	; 192
   00E1 C0                  270 	.db #0xc0	; 192
   00E2 C0                  271 	.db #0xc0	; 192
   00E3 C0                  272 	.db #0xc0	; 192
   00E4 94                  273 	.db #0x94	; 148
   00E5 C0                  274 	.db #0xc0	; 192
   00E6 C0                  275 	.db #0xc0	; 192
   00E7 68                  276 	.db #0x68	; 104	'h'
   00E8 C0                  277 	.db #0xc0	; 192
   00E9 C0                  278 	.db #0xc0	; 192
   00EA C0                  279 	.db #0xc0	; 192
   00EB C0                  280 	.db #0xc0	; 192
   00EC C0                  281 	.db #0xc0	; 192
   00ED C0                  282 	.db #0xc0	; 192
   00EE C0                  283 	.db #0xc0	; 192
   00EF C0                  284 	.db #0xc0	; 192
   00F0 C0                  285 	.db #0xc0	; 192
   00F1 C0                  286 	.db #0xc0	; 192
   00F2 C0                  287 	.db #0xc0	; 192
   00F3 C0                  288 	.db #0xc0	; 192
   00F4 C0                  289 	.db #0xc0	; 192
   00F5 C0                  290 	.db #0xc0	; 192
   00F6 C0                  291 	.db #0xc0	; 192
   00F7 C0                  292 	.db #0xc0	; 192
   00F8 C0                  293 	.db #0xc0	; 192
   00F9 FF                  294 	.db #0xff	; 255
   00FA FF                  295 	.db #0xff	; 255
   00FB C0                  296 	.db #0xc0	; 192
   00FC C0                  297 	.db #0xc0	; 192
   00FD C0                  298 	.db #0xc0	; 192
   00FE C0                  299 	.db #0xc0	; 192
   00FF C0                  300 	.db #0xc0	; 192
   0100 C0                  301 	.db #0xc0	; 192
   0101 C0                  302 	.db #0xc0	; 192
   0102 C0                  303 	.db #0xc0	; 192
   0103 C0                  304 	.db #0xc0	; 192
   0104 C0                  305 	.db #0xc0	; 192
   0105 C0                  306 	.db #0xc0	; 192
   0106 C0                  307 	.db #0xc0	; 192
   0107 C0                  308 	.db #0xc0	; 192
   0108 C0                  309 	.db #0xc0	; 192
   0109 C0                  310 	.db #0xc0	; 192
   010A C0                  311 	.db #0xc0	; 192
   010B 85                  312 	.db #0x85	; 133
   010C D5                  313 	.db #0xd5	; 213
   010D FF                  314 	.db #0xff	; 255
   010E FF                  315 	.db #0xff	; 255
   010F EA                  316 	.db #0xea	; 234
   0110 4A                  317 	.db #0x4a	; 74	'J'
   0111 C0                  318 	.db #0xc0	; 192
   0112 C0                  319 	.db #0xc0	; 192
   0113 C0                  320 	.db #0xc0	; 192
   0114 C0                  321 	.db #0xc0	; 192
   0115 C0                  322 	.db #0xc0	; 192
   0116 C0                  323 	.db #0xc0	; 192
   0117 C0                  324 	.db #0xc0	; 192
   0118 C0                  325 	.db #0xc0	; 192
   0119 C0                  326 	.db #0xc0	; 192
   011A C0                  327 	.db #0xc0	; 192
   011B C0                  328 	.db #0xc0	; 192
   011C C0                  329 	.db #0xc0	; 192
   011D C0                  330 	.db #0xc0	; 192
   011E C0                  331 	.db #0xc0	; 192
   011F 85                  332 	.db #0x85	; 133
   0120 D5                  333 	.db #0xd5	; 213
   0121 FF                  334 	.db #0xff	; 255
   0122 FF                  335 	.db #0xff	; 255
   0123 EA                  336 	.db #0xea	; 234
   0124 4A                  337 	.db #0x4a	; 74	'J'
   0125 C0                  338 	.db #0xc0	; 192
   0126 C0                  339 	.db #0xc0	; 192
   0127 C0                  340 	.db #0xc0	; 192
   0128 C0                  341 	.db #0xc0	; 192
   0129 C0                  342 	.db #0xc0	; 192
   012A C0                  343 	.db #0xc0	; 192
   012B C0                  344 	.db #0xc0	; 192
   012C C0                  345 	.db #0xc0	; 192
   012D C0                  346 	.db #0xc0	; 192
   012E C0                  347 	.db #0xc0	; 192
   012F C0                  348 	.db #0xc0	; 192
   0130 C0                  349 	.db #0xc0	; 192
   0131 C0                  350 	.db #0xc0	; 192
   0132 C0                  351 	.db #0xc0	; 192
   0133 0F                  352 	.db #0x0f	; 15
   0134 D5                  353 	.db #0xd5	; 213
   0135 FF                  354 	.db #0xff	; 255
   0136 FF                  355 	.db #0xff	; 255
   0137 EA                  356 	.db #0xea	; 234
   0138 0F                  357 	.db #0x0f	; 15
   0139 C0                  358 	.db #0xc0	; 192
   013A C0                  359 	.db #0xc0	; 192
   013B C0                  360 	.db #0xc0	; 192
   013C C0                  361 	.db #0xc0	; 192
   013D C0                  362 	.db #0xc0	; 192
   013E C0                  363 	.db #0xc0	; 192
   013F C0                  364 	.db #0xc0	; 192
   0140 C0                  365 	.db #0xc0	; 192
   0141 C0                  366 	.db #0xc0	; 192
   0142 C0                  367 	.db #0xc0	; 192
   0143 C0                  368 	.db #0xc0	; 192
   0144 C0                  369 	.db #0xc0	; 192
   0145 C0                  370 	.db #0xc0	; 192
   0146 C0                  371 	.db #0xc0	; 192
   0147 0F                  372 	.db #0x0f	; 15
   0148 D5                  373 	.db #0xd5	; 213
   0149 FF                  374 	.db #0xff	; 255
   014A FF                  375 	.db #0xff	; 255
   014B EA                  376 	.db #0xea	; 234
   014C 0F                  377 	.db #0x0f	; 15
   014D C0                  378 	.db #0xc0	; 192
   014E C0                  379 	.db #0xc0	; 192
   014F C0                  380 	.db #0xc0	; 192
   0150 C0                  381 	.db #0xc0	; 192
   0151 C0                  382 	.db #0xc0	; 192
   0152 C0                  383 	.db #0xc0	; 192
   0153 C0                  384 	.db #0xc0	; 192
   0154 C0                  385 	.db #0xc0	; 192
   0155 C0                  386 	.db #0xc0	; 192
   0156 C0                  387 	.db #0xc0	; 192
   0157 C0                  388 	.db #0xc0	; 192
   0158 C0                  389 	.db #0xc0	; 192
   0159 C0                  390 	.db #0xc0	; 192
   015A 85                  391 	.db #0x85	; 133
   015B AF                  392 	.db #0xaf	; 175
   015C D5                  393 	.db #0xd5	; 213
   015D FF                  394 	.db #0xff	; 255
   015E FF                  395 	.db #0xff	; 255
   015F EA                  396 	.db #0xea	; 234
   0160 5F                  397 	.db #0x5f	; 95
   0161 4A                  398 	.db #0x4a	; 74	'J'
   0162 C0                  399 	.db #0xc0	; 192
   0163 C0                  400 	.db #0xc0	; 192
   0164 C0                  401 	.db #0xc0	; 192
   0165 C0                  402 	.db #0xc0	; 192
   0166 C0                  403 	.db #0xc0	; 192
   0167 C0                  404 	.db #0xc0	; 192
   0168 C0                  405 	.db #0xc0	; 192
   0169 C0                  406 	.db #0xc0	; 192
   016A C0                  407 	.db #0xc0	; 192
   016B C0                  408 	.db #0xc0	; 192
   016C C0                  409 	.db #0xc0	; 192
   016D C0                  410 	.db #0xc0	; 192
   016E 85                  411 	.db #0x85	; 133
   016F AF                  412 	.db #0xaf	; 175
   0170 D5                  413 	.db #0xd5	; 213
   0171 FF                  414 	.db #0xff	; 255
   0172 FF                  415 	.db #0xff	; 255
   0173 EA                  416 	.db #0xea	; 234
   0174 5F                  417 	.db #0x5f	; 95
   0175 4A                  418 	.db #0x4a	; 74	'J'
   0176 C0                  419 	.db #0xc0	; 192
   0177 C0                  420 	.db #0xc0	; 192
   0178 C0                  421 	.db #0xc0	; 192
   0179 C0                  422 	.db #0xc0	; 192
   017A C0                  423 	.db #0xc0	; 192
   017B C0                  424 	.db #0xc0	; 192
   017C C0                  425 	.db #0xc0	; 192
   017D C0                  426 	.db #0xc0	; 192
   017E C0                  427 	.db #0xc0	; 192
   017F C0                  428 	.db #0xc0	; 192
   0180 C0                  429 	.db #0xc0	; 192
   0181 C0                  430 	.db #0xc0	; 192
   0182 5F                  431 	.db #0x5f	; 95
   0183 0F                  432 	.db #0x0f	; 15
   0184 D5                  433 	.db #0xd5	; 213
   0185 FF                  434 	.db #0xff	; 255
   0186 FF                  435 	.db #0xff	; 255
   0187 EA                  436 	.db #0xea	; 234
   0188 0F                  437 	.db #0x0f	; 15
   0189 AF                  438 	.db #0xaf	; 175
   018A C0                  439 	.db #0xc0	; 192
   018B C0                  440 	.db #0xc0	; 192
   018C C0                  441 	.db #0xc0	; 192
   018D C0                  442 	.db #0xc0	; 192
   018E C0                  443 	.db #0xc0	; 192
   018F C0                  444 	.db #0xc0	; 192
   0190 C0                  445 	.db #0xc0	; 192
   0191 C0                  446 	.db #0xc0	; 192
   0192 C0                  447 	.db #0xc0	; 192
   0193 C0                  448 	.db #0xc0	; 192
   0194 C0                  449 	.db #0xc0	; 192
   0195 85                  450 	.db #0x85	; 133
   0196 FF                  451 	.db #0xff	; 255
   0197 AF                  452 	.db #0xaf	; 175
   0198 D5                  453 	.db #0xd5	; 213
   0199 FF                  454 	.db #0xff	; 255
   019A FF                  455 	.db #0xff	; 255
   019B EA                  456 	.db #0xea	; 234
   019C 5F                  457 	.db #0x5f	; 95
   019D FF                  458 	.db #0xff	; 255
   019E 4A                  459 	.db #0x4a	; 74	'J'
   019F C0                  460 	.db #0xc0	; 192
   01A0 C0                  461 	.db #0xc0	; 192
   01A1 C0                  462 	.db #0xc0	; 192
   01A2 C0                  463 	.db #0xc0	; 192
   01A3 C0                  464 	.db #0xc0	; 192
   01A4 C0                  465 	.db #0xc0	; 192
   01A5 C0                  466 	.db #0xc0	; 192
   01A6 C0                  467 	.db #0xc0	; 192
   01A7 C0                  468 	.db #0xc0	; 192
   01A8 C0                  469 	.db #0xc0	; 192
   01A9 5F                  470 	.db #0x5f	; 95
   01AA FF                  471 	.db #0xff	; 255
   01AB 0F                  472 	.db #0x0f	; 15
   01AC D5                  473 	.db #0xd5	; 213
   01AD FF                  474 	.db #0xff	; 255
   01AE FF                  475 	.db #0xff	; 255
   01AF EA                  476 	.db #0xea	; 234
   01B0 0F                  477 	.db #0x0f	; 15
   01B1 FF                  478 	.db #0xff	; 255
   01B2 AF                  479 	.db #0xaf	; 175
   01B3 C0                  480 	.db #0xc0	; 192
   01B4 C0                  481 	.db #0xc0	; 192
   01B5 C0                  482 	.db #0xc0	; 192
   01B6 C0                  483 	.db #0xc0	; 192
   01B7 C0                  484 	.db #0xc0	; 192
   01B8 C0                  485 	.db #0xc0	; 192
   01B9 C0                  486 	.db #0xc0	; 192
   01BA C0                  487 	.db #0xc0	; 192
   01BB C0                  488 	.db #0xc0	; 192
   01BC C0                  489 	.db #0xc0	; 192
   01BD 5F                  490 	.db #0x5f	; 95
   01BE FF                  491 	.db #0xff	; 255
   01BF AF                  492 	.db #0xaf	; 175
   01C0 D5                  493 	.db #0xd5	; 213
   01C1 FF                  494 	.db #0xff	; 255
   01C2 FF                  495 	.db #0xff	; 255
   01C3 EA                  496 	.db #0xea	; 234
   01C4 5F                  497 	.db #0x5f	; 95
   01C5 FF                  498 	.db #0xff	; 255
   01C6 AF                  499 	.db #0xaf	; 175
   01C7 C0                  500 	.db #0xc0	; 192
   01C8 C0                  501 	.db #0xc0	; 192
   01C9 C0                  502 	.db #0xc0	; 192
   01CA C0                  503 	.db #0xc0	; 192
   01CB C0                  504 	.db #0xc0	; 192
   01CC C0                  505 	.db #0xc0	; 192
   01CD C0                  506 	.db #0xc0	; 192
   01CE C0                  507 	.db #0xc0	; 192
   01CF C0                  508 	.db #0xc0	; 192
   01D0 85                  509 	.db #0x85	; 133
   01D1 FF                  510 	.db #0xff	; 255
   01D2 FF                  511 	.db #0xff	; 255
   01D3 0F                  512 	.db #0x0f	; 15
   01D4 D5                  513 	.db #0xd5	; 213
   01D5 FF                  514 	.db #0xff	; 255
   01D6 FF                  515 	.db #0xff	; 255
   01D7 EA                  516 	.db #0xea	; 234
   01D8 0F                  517 	.db #0x0f	; 15
   01D9 FF                  518 	.db #0xff	; 255
   01DA FF                  519 	.db #0xff	; 255
   01DB 4A                  520 	.db #0x4a	; 74	'J'
   01DC C0                  521 	.db #0xc0	; 192
   01DD C0                  522 	.db #0xc0	; 192
   01DE C0                  523 	.db #0xc0	; 192
   01DF C0                  524 	.db #0xc0	; 192
   01E0 C0                  525 	.db #0xc0	; 192
   01E1 C0                  526 	.db #0xc0	; 192
   01E2 C0                  527 	.db #0xc0	; 192
   01E3 C0                  528 	.db #0xc0	; 192
   01E4 85                  529 	.db #0x85	; 133
   01E5 FF                  530 	.db #0xff	; 255
   01E6 FF                  531 	.db #0xff	; 255
   01E7 AF                  532 	.db #0xaf	; 175
   01E8 D5                  533 	.db #0xd5	; 213
   01E9 FF                  534 	.db #0xff	; 255
   01EA FF                  535 	.db #0xff	; 255
   01EB EA                  536 	.db #0xea	; 234
   01EC 5F                  537 	.db #0x5f	; 95
   01ED FF                  538 	.db #0xff	; 255
   01EE FF                  539 	.db #0xff	; 255
   01EF 4A                  540 	.db #0x4a	; 74	'J'
   01F0 C0                  541 	.db #0xc0	; 192
   01F1 C0                  542 	.db #0xc0	; 192
   01F2 C0                  543 	.db #0xc0	; 192
   01F3 C0                  544 	.db #0xc0	; 192
   01F4 C0                  545 	.db #0xc0	; 192
   01F5 C0                  546 	.db #0xc0	; 192
   01F6 C0                  547 	.db #0xc0	; 192
   01F7 C0                  548 	.db #0xc0	; 192
   01F8 5F                  549 	.db #0x5f	; 95
   01F9 FF                  550 	.db #0xff	; 255
   01FA FF                  551 	.db #0xff	; 255
   01FB 0F                  552 	.db #0x0f	; 15
   01FC D5                  553 	.db #0xd5	; 213
   01FD FF                  554 	.db #0xff	; 255
   01FE FF                  555 	.db #0xff	; 255
   01FF EA                  556 	.db #0xea	; 234
   0200 0F                  557 	.db #0x0f	; 15
   0201 FF                  558 	.db #0xff	; 255
   0202 FF                  559 	.db #0xff	; 255
   0203 AF                  560 	.db #0xaf	; 175
   0204 C0                  561 	.db #0xc0	; 192
   0205 C0                  562 	.db #0xc0	; 192
   0206 C0                  563 	.db #0xc0	; 192
   0207 C0                  564 	.db #0xc0	; 192
   0208 C0                  565 	.db #0xc0	; 192
   0209 C0                  566 	.db #0xc0	; 192
   020A C0                  567 	.db #0xc0	; 192
   020B C0                  568 	.db #0xc0	; 192
   020C 5F                  569 	.db #0x5f	; 95
   020D FF                  570 	.db #0xff	; 255
   020E FF                  571 	.db #0xff	; 255
   020F AF                  572 	.db #0xaf	; 175
   0210 D5                  573 	.db #0xd5	; 213
   0211 FF                  574 	.db #0xff	; 255
   0212 FF                  575 	.db #0xff	; 255
   0213 EA                  576 	.db #0xea	; 234
   0214 5F                  577 	.db #0x5f	; 95
   0215 FF                  578 	.db #0xff	; 255
   0216 FF                  579 	.db #0xff	; 255
   0217 AF                  580 	.db #0xaf	; 175
   0218 C0                  581 	.db #0xc0	; 192
   0219 C0                  582 	.db #0xc0	; 192
   021A C0                  583 	.db #0xc0	; 192
   021B C0                  584 	.db #0xc0	; 192
   021C C0                  585 	.db #0xc0	; 192
   021D C0                  586 	.db #0xc0	; 192
   021E C0                  587 	.db #0xc0	; 192
   021F 85                  588 	.db #0x85	; 133
   0220 FF                  589 	.db #0xff	; 255
   0221 FF                  590 	.db #0xff	; 255
   0222 FF                  591 	.db #0xff	; 255
   0223 0F                  592 	.db #0x0f	; 15
   0224 D5                  593 	.db #0xd5	; 213
   0225 FF                  594 	.db #0xff	; 255
   0226 FF                  595 	.db #0xff	; 255
   0227 EA                  596 	.db #0xea	; 234
   0228 0F                  597 	.db #0x0f	; 15
   0229 FF                  598 	.db #0xff	; 255
   022A FF                  599 	.db #0xff	; 255
   022B FF                  600 	.db #0xff	; 255
   022C 4A                  601 	.db #0x4a	; 74	'J'
   022D C0                  602 	.db #0xc0	; 192
   022E C0                  603 	.db #0xc0	; 192
   022F C0                  604 	.db #0xc0	; 192
   0230 C0                  605 	.db #0xc0	; 192
   0231 C0                  606 	.db #0xc0	; 192
   0232 C0                  607 	.db #0xc0	; 192
   0233 85                  608 	.db #0x85	; 133
   0234 FF                  609 	.db #0xff	; 255
   0235 FF                  610 	.db #0xff	; 255
   0236 FF                  611 	.db #0xff	; 255
   0237 AF                  612 	.db #0xaf	; 175
   0238 D5                  613 	.db #0xd5	; 213
   0239 FF                  614 	.db #0xff	; 255
   023A FF                  615 	.db #0xff	; 255
   023B EA                  616 	.db #0xea	; 234
   023C 5F                  617 	.db #0x5f	; 95
   023D FF                  618 	.db #0xff	; 255
   023E FF                  619 	.db #0xff	; 255
   023F FF                  620 	.db #0xff	; 255
   0240 4A                  621 	.db #0x4a	; 74	'J'
   0241 C0                  622 	.db #0xc0	; 192
   0242 C0                  623 	.db #0xc0	; 192
   0243 C0                  624 	.db #0xc0	; 192
   0244 C0                  625 	.db #0xc0	; 192
   0245 C0                  626 	.db #0xc0	; 192
   0246 C0                  627 	.db #0xc0	; 192
   0247 5F                  628 	.db #0x5f	; 95
   0248 FF                  629 	.db #0xff	; 255
   0249 FF                  630 	.db #0xff	; 255
   024A FF                  631 	.db #0xff	; 255
   024B 0F                  632 	.db #0x0f	; 15
   024C D5                  633 	.db #0xd5	; 213
   024D FF                  634 	.db #0xff	; 255
   024E FF                  635 	.db #0xff	; 255
   024F EA                  636 	.db #0xea	; 234
   0250 0F                  637 	.db #0x0f	; 15
   0251 FF                  638 	.db #0xff	; 255
   0252 FF                  639 	.db #0xff	; 255
   0253 FF                  640 	.db #0xff	; 255
   0254 AF                  641 	.db #0xaf	; 175
   0255 C0                  642 	.db #0xc0	; 192
   0256 C0                  643 	.db #0xc0	; 192
   0257 C0                  644 	.db #0xc0	; 192
   0258 C0                  645 	.db #0xc0	; 192
   0259 C0                  646 	.db #0xc0	; 192
   025A C0                  647 	.db #0xc0	; 192
   025B 5F                  648 	.db #0x5f	; 95
   025C FF                  649 	.db #0xff	; 255
   025D FF                  650 	.db #0xff	; 255
   025E FF                  651 	.db #0xff	; 255
   025F AF                  652 	.db #0xaf	; 175
   0260 D5                  653 	.db #0xd5	; 213
   0261 FF                  654 	.db #0xff	; 255
   0262 FF                  655 	.db #0xff	; 255
   0263 EA                  656 	.db #0xea	; 234
   0264 5F                  657 	.db #0x5f	; 95
   0265 FF                  658 	.db #0xff	; 255
   0266 FF                  659 	.db #0xff	; 255
   0267 FF                  660 	.db #0xff	; 255
   0268 AF                  661 	.db #0xaf	; 175
   0269 C0                  662 	.db #0xc0	; 192
   026A C0                  663 	.db #0xc0	; 192
   026B C0                  664 	.db #0xc0	; 192
   026C C0                  665 	.db #0xc0	; 192
   026D C0                  666 	.db #0xc0	; 192
   026E C0                  667 	.db #0xc0	; 192
   026F 5F                  668 	.db #0x5f	; 95
   0270 FF                  669 	.db #0xff	; 255
   0271 FF                  670 	.db #0xff	; 255
   0272 FF                  671 	.db #0xff	; 255
   0273 0F                  672 	.db #0x0f	; 15
   0274 D5                  673 	.db #0xd5	; 213
   0275 FF                  674 	.db #0xff	; 255
   0276 FF                  675 	.db #0xff	; 255
   0277 EA                  676 	.db #0xea	; 234
   0278 0F                  677 	.db #0x0f	; 15
   0279 FF                  678 	.db #0xff	; 255
   027A FF                  679 	.db #0xff	; 255
   027B FF                  680 	.db #0xff	; 255
   027C AF                  681 	.db #0xaf	; 175
   027D C0                  682 	.db #0xc0	; 192
   027E C0                  683 	.db #0xc0	; 192
   027F C0                  684 	.db #0xc0	; 192
   0280 C0                  685 	.db #0xc0	; 192
   0281 C0                  686 	.db #0xc0	; 192
   0282 85                  687 	.db #0x85	; 133
   0283 FF                  688 	.db #0xff	; 255
   0284 FF                  689 	.db #0xff	; 255
   0285 FF                  690 	.db #0xff	; 255
   0286 FF                  691 	.db #0xff	; 255
   0287 AF                  692 	.db #0xaf	; 175
   0288 D5                  693 	.db #0xd5	; 213
   0289 FF                  694 	.db #0xff	; 255
   028A FF                  695 	.db #0xff	; 255
   028B EA                  696 	.db #0xea	; 234
   028C 5F                  697 	.db #0x5f	; 95
   028D FF                  698 	.db #0xff	; 255
   028E FF                  699 	.db #0xff	; 255
   028F FF                  700 	.db #0xff	; 255
   0290 FF                  701 	.db #0xff	; 255
   0291 4A                  702 	.db #0x4a	; 74	'J'
   0292 C0                  703 	.db #0xc0	; 192
   0293 C0                  704 	.db #0xc0	; 192
   0294 C0                  705 	.db #0xc0	; 192
   0295 C0                  706 	.db #0xc0	; 192
   0296 85                  707 	.db #0x85	; 133
   0297 FF                  708 	.db #0xff	; 255
   0298 FF                  709 	.db #0xff	; 255
   0299 FF                  710 	.db #0xff	; 255
   029A FF                  711 	.db #0xff	; 255
   029B 0F                  712 	.db #0x0f	; 15
   029C D5                  713 	.db #0xd5	; 213
   029D FF                  714 	.db #0xff	; 255
   029E FF                  715 	.db #0xff	; 255
   029F EA                  716 	.db #0xea	; 234
   02A0 0F                  717 	.db #0x0f	; 15
   02A1 FF                  718 	.db #0xff	; 255
   02A2 FF                  719 	.db #0xff	; 255
   02A3 FF                  720 	.db #0xff	; 255
   02A4 FF                  721 	.db #0xff	; 255
   02A5 4A                  722 	.db #0x4a	; 74	'J'
   02A6 C0                  723 	.db #0xc0	; 192
   02A7 C0                  724 	.db #0xc0	; 192
   02A8 C0                  725 	.db #0xc0	; 192
   02A9 C0                  726 	.db #0xc0	; 192
   02AA 5F                  727 	.db #0x5f	; 95
   02AB FF                  728 	.db #0xff	; 255
   02AC FF                  729 	.db #0xff	; 255
   02AD FF                  730 	.db #0xff	; 255
   02AE FF                  731 	.db #0xff	; 255
   02AF AF                  732 	.db #0xaf	; 175
   02B0 D5                  733 	.db #0xd5	; 213
   02B1 FF                  734 	.db #0xff	; 255
   02B2 FF                  735 	.db #0xff	; 255
   02B3 EA                  736 	.db #0xea	; 234
   02B4 5F                  737 	.db #0x5f	; 95
   02B5 FF                  738 	.db #0xff	; 255
   02B6 FF                  739 	.db #0xff	; 255
   02B7 FF                  740 	.db #0xff	; 255
   02B8 FF                  741 	.db #0xff	; 255
   02B9 AF                  742 	.db #0xaf	; 175
   02BA C0                  743 	.db #0xc0	; 192
   02BB C0                  744 	.db #0xc0	; 192
   02BC C0                  745 	.db #0xc0	; 192
   02BD C0                  746 	.db #0xc0	; 192
   02BE 5F                  747 	.db #0x5f	; 95
   02BF FF                  748 	.db #0xff	; 255
   02C0 FF                  749 	.db #0xff	; 255
   02C1 FF                  750 	.db #0xff	; 255
   02C2 FF                  751 	.db #0xff	; 255
   02C3 0F                  752 	.db #0x0f	; 15
   02C4 D5                  753 	.db #0xd5	; 213
   02C5 FF                  754 	.db #0xff	; 255
   02C6 FF                  755 	.db #0xff	; 255
   02C7 EA                  756 	.db #0xea	; 234
   02C8 0F                  757 	.db #0x0f	; 15
   02C9 FF                  758 	.db #0xff	; 255
   02CA FF                  759 	.db #0xff	; 255
   02CB FF                  760 	.db #0xff	; 255
   02CC FF                  761 	.db #0xff	; 255
   02CD AF                  762 	.db #0xaf	; 175
   02CE C0                  763 	.db #0xc0	; 192
   02CF C0                  764 	.db #0xc0	; 192
   02D0 C0                  765 	.db #0xc0	; 192
   02D1 C0                  766 	.db #0xc0	; 192
   02D2 5F                  767 	.db #0x5f	; 95
   02D3 FF                  768 	.db #0xff	; 255
   02D4 FF                  769 	.db #0xff	; 255
   02D5 FF                  770 	.db #0xff	; 255
   02D6 FF                  771 	.db #0xff	; 255
   02D7 AF                  772 	.db #0xaf	; 175
   02D8 D5                  773 	.db #0xd5	; 213
   02D9 FF                  774 	.db #0xff	; 255
   02DA FF                  775 	.db #0xff	; 255
   02DB EA                  776 	.db #0xea	; 234
   02DC 5F                  777 	.db #0x5f	; 95
   02DD FF                  778 	.db #0xff	; 255
   02DE FF                  779 	.db #0xff	; 255
   02DF FF                  780 	.db #0xff	; 255
   02E0 FF                  781 	.db #0xff	; 255
   02E1 AF                  782 	.db #0xaf	; 175
   02E2 C0                  783 	.db #0xc0	; 192
   02E3 C0                  784 	.db #0xc0	; 192
   02E4 C0                  785 	.db #0xc0	; 192
   02E5 85                  786 	.db #0x85	; 133
   02E6 FF                  787 	.db #0xff	; 255
   02E7 FF                  788 	.db #0xff	; 255
   02E8 FF                  789 	.db #0xff	; 255
   02E9 FF                  790 	.db #0xff	; 255
   02EA FF                  791 	.db #0xff	; 255
   02EB 0F                  792 	.db #0x0f	; 15
   02EC D5                  793 	.db #0xd5	; 213
   02ED FF                  794 	.db #0xff	; 255
   02EE FF                  795 	.db #0xff	; 255
   02EF EA                  796 	.db #0xea	; 234
   02F0 0F                  797 	.db #0x0f	; 15
   02F1 FF                  798 	.db #0xff	; 255
   02F2 FF                  799 	.db #0xff	; 255
   02F3 FF                  800 	.db #0xff	; 255
   02F4 FF                  801 	.db #0xff	; 255
   02F5 FF                  802 	.db #0xff	; 255
   02F6 4A                  803 	.db #0x4a	; 74	'J'
   02F7 C0                  804 	.db #0xc0	; 192
   02F8 C0                  805 	.db #0xc0	; 192
   02F9 85                  806 	.db #0x85	; 133
   02FA FF                  807 	.db #0xff	; 255
   02FB FF                  808 	.db #0xff	; 255
   02FC FF                  809 	.db #0xff	; 255
   02FD FF                  810 	.db #0xff	; 255
   02FE FF                  811 	.db #0xff	; 255
   02FF AF                  812 	.db #0xaf	; 175
   0300 D5                  813 	.db #0xd5	; 213
   0301 FF                  814 	.db #0xff	; 255
   0302 FF                  815 	.db #0xff	; 255
   0303 EA                  816 	.db #0xea	; 234
   0304 5F                  817 	.db #0x5f	; 95
   0305 FF                  818 	.db #0xff	; 255
   0306 FF                  819 	.db #0xff	; 255
   0307 FF                  820 	.db #0xff	; 255
   0308 FF                  821 	.db #0xff	; 255
   0309 FF                  822 	.db #0xff	; 255
   030A 4A                  823 	.db #0x4a	; 74	'J'
   030B C0                  824 	.db #0xc0	; 192
   030C C0                  825 	.db #0xc0	; 192
   030D 85                  826 	.db #0x85	; 133
   030E FF                  827 	.db #0xff	; 255
   030F FF                  828 	.db #0xff	; 255
   0310 FF                  829 	.db #0xff	; 255
   0311 FF                  830 	.db #0xff	; 255
   0312 FF                  831 	.db #0xff	; 255
   0313 0F                  832 	.db #0x0f	; 15
   0314 D5                  833 	.db #0xd5	; 213
   0315 FF                  834 	.db #0xff	; 255
   0316 FF                  835 	.db #0xff	; 255
   0317 EA                  836 	.db #0xea	; 234
   0318 0F                  837 	.db #0x0f	; 15
   0319 FF                  838 	.db #0xff	; 255
   031A FF                  839 	.db #0xff	; 255
   031B FF                  840 	.db #0xff	; 255
   031C FF                  841 	.db #0xff	; 255
   031D FF                  842 	.db #0xff	; 255
   031E 4A                  843 	.db #0x4a	; 74	'J'
   031F C0                  844 	.db #0xc0	; 192
   0320 C0                  845 	.db #0xc0	; 192
   0321 5F                  846 	.db #0x5f	; 95
   0322 FF                  847 	.db #0xff	; 255
   0323 FF                  848 	.db #0xff	; 255
   0324 FF                  849 	.db #0xff	; 255
   0325 FF                  850 	.db #0xff	; 255
   0326 FF                  851 	.db #0xff	; 255
   0327 AF                  852 	.db #0xaf	; 175
   0328 D5                  853 	.db #0xd5	; 213
   0329 EA                  854 	.db #0xea	; 234
   032A D5                  855 	.db #0xd5	; 213
   032B EA                  856 	.db #0xea	; 234
   032C 5F                  857 	.db #0x5f	; 95
   032D FF                  858 	.db #0xff	; 255
   032E FF                  859 	.db #0xff	; 255
   032F FF                  860 	.db #0xff	; 255
   0330 FF                  861 	.db #0xff	; 255
   0331 FF                  862 	.db #0xff	; 255
   0332 AF                  863 	.db #0xaf	; 175
   0333 C0                  864 	.db #0xc0	; 192
   0334 C0                  865 	.db #0xc0	; 192
   0335 5F                  866 	.db #0x5f	; 95
   0336 FF                  867 	.db #0xff	; 255
   0337 FF                  868 	.db #0xff	; 255
   0338 FF                  869 	.db #0xff	; 255
   0339 FF                  870 	.db #0xff	; 255
   033A FF                  871 	.db #0xff	; 255
   033B 0F                  872 	.db #0x0f	; 15
   033C D5                  873 	.db #0xd5	; 213
   033D EA                  874 	.db #0xea	; 234
   033E D5                  875 	.db #0xd5	; 213
   033F EA                  876 	.db #0xea	; 234
   0340 0F                  877 	.db #0x0f	; 15
   0341 FF                  878 	.db #0xff	; 255
   0342 FF                  879 	.db #0xff	; 255
   0343 FF                  880 	.db #0xff	; 255
   0344 FF                  881 	.db #0xff	; 255
   0345 FF                  882 	.db #0xff	; 255
   0346 AF                  883 	.db #0xaf	; 175
   0347 C0                  884 	.db #0xc0	; 192
   0348 C0                  885 	.db #0xc0	; 192
   0349 5F                  886 	.db #0x5f	; 95
   034A FF                  887 	.db #0xff	; 255
   034B FF                  888 	.db #0xff	; 255
   034C FF                  889 	.db #0xff	; 255
   034D FF                  890 	.db #0xff	; 255
   034E FF                  891 	.db #0xff	; 255
   034F AF                  892 	.db #0xaf	; 175
   0350 D5                  893 	.db #0xd5	; 213
   0351 D5                  894 	.db #0xd5	; 213
   0352 EA                  895 	.db #0xea	; 234
   0353 EA                  896 	.db #0xea	; 234
   0354 5F                  897 	.db #0x5f	; 95
   0355 FF                  898 	.db #0xff	; 255
   0356 FF                  899 	.db #0xff	; 255
   0357 FF                  900 	.db #0xff	; 255
   0358 FF                  901 	.db #0xff	; 255
   0359 FF                  902 	.db #0xff	; 255
   035A AF                  903 	.db #0xaf	; 175
   035B C0                  904 	.db #0xc0	; 192
   035C C0                  905 	.db #0xc0	; 192
   035D 5F                  906 	.db #0x5f	; 95
   035E FF                  907 	.db #0xff	; 255
   035F FF                  908 	.db #0xff	; 255
   0360 FF                  909 	.db #0xff	; 255
   0361 FF                  910 	.db #0xff	; 255
   0362 FF                  911 	.db #0xff	; 255
   0363 0F                  912 	.db #0x0f	; 15
   0364 D5                  913 	.db #0xd5	; 213
   0365 D5                  914 	.db #0xd5	; 213
   0366 EA                  915 	.db #0xea	; 234
   0367 EA                  916 	.db #0xea	; 234
   0368 0F                  917 	.db #0x0f	; 15
   0369 FF                  918 	.db #0xff	; 255
   036A FF                  919 	.db #0xff	; 255
   036B FF                  920 	.db #0xff	; 255
   036C FF                  921 	.db #0xff	; 255
   036D FF                  922 	.db #0xff	; 255
   036E AF                  923 	.db #0xaf	; 175
   036F C0                  924 	.db #0xc0	; 192
   0370 C0                  925 	.db #0xc0	; 192
   0371 5F                  926 	.db #0x5f	; 95
   0372 C0                  927 	.db #0xc0	; 192
   0373 D5                  928 	.db #0xd5	; 213
   0374 FF                  929 	.db #0xff	; 255
   0375 FF                  930 	.db #0xff	; 255
   0376 FF                  931 	.db #0xff	; 255
   0377 AF                  932 	.db #0xaf	; 175
   0378 D5                  933 	.db #0xd5	; 213
   0379 D5                  934 	.db #0xd5	; 213
   037A EA                  935 	.db #0xea	; 234
   037B EA                  936 	.db #0xea	; 234
   037C 5F                  937 	.db #0x5f	; 95
   037D FF                  938 	.db #0xff	; 255
   037E FF                  939 	.db #0xff	; 255
   037F FF                  940 	.db #0xff	; 255
   0380 EA                  941 	.db #0xea	; 234
   0381 C0                  942 	.db #0xc0	; 192
   0382 AF                  943 	.db #0xaf	; 175
   0383 C0                  944 	.db #0xc0	; 192
   0384 D5                  945 	.db #0xd5	; 213
   0385 4A                  946 	.db #0x4a	; 74	'J'
   0386 FF                  947 	.db #0xff	; 255
   0387 EA                  948 	.db #0xea	; 234
   0388 FF                  949 	.db #0xff	; 255
   0389 FF                  950 	.db #0xff	; 255
   038A FF                  951 	.db #0xff	; 255
   038B 0F                  952 	.db #0x0f	; 15
   038C D5                  953 	.db #0xd5	; 213
   038D D5                  954 	.db #0xd5	; 213
   038E EA                  955 	.db #0xea	; 234
   038F EA                  956 	.db #0xea	; 234
   0390 0F                  957 	.db #0x0f	; 15
   0391 FF                  958 	.db #0xff	; 255
   0392 FF                  959 	.db #0xff	; 255
   0393 FF                  960 	.db #0xff	; 255
   0394 D5                  961 	.db #0xd5	; 213
   0395 FF                  962 	.db #0xff	; 255
   0396 85                  963 	.db #0x85	; 133
   0397 EA                  964 	.db #0xea	; 234
   0398 D5                  965 	.db #0xd5	; 213
   0399 4A                  966 	.db #0x4a	; 74	'J'
   039A FF                  967 	.db #0xff	; 255
   039B EA                  968 	.db #0xea	; 234
   039C FF                  969 	.db #0xff	; 255
   039D FF                  970 	.db #0xff	; 255
   039E FF                  971 	.db #0xff	; 255
   039F AF                  972 	.db #0xaf	; 175
   03A0 D5                  973 	.db #0xd5	; 213
   03A1 D5                  974 	.db #0xd5	; 213
   03A2 EA                  975 	.db #0xea	; 234
   03A3 EA                  976 	.db #0xea	; 234
   03A4 5F                  977 	.db #0x5f	; 95
   03A5 FF                  978 	.db #0xff	; 255
   03A6 FF                  979 	.db #0xff	; 255
   03A7 FF                  980 	.db #0xff	; 255
   03A8 D5                  981 	.db #0xd5	; 213
   03A9 FF                  982 	.db #0xff	; 255
   03AA 85                  983 	.db #0x85	; 133
   03AB EA                  984 	.db #0xea	; 234
   03AC D5                  985 	.db #0xd5	; 213
   03AD D5                  986 	.db #0xd5	; 213
   03AE EA                  987 	.db #0xea	; 234
   03AF FF                  988 	.db #0xff	; 255
   03B0 D5                  989 	.db #0xd5	; 213
   03B1 FF                  990 	.db #0xff	; 255
   03B2 FF                  991 	.db #0xff	; 255
   03B3 0F                  992 	.db #0x0f	; 15
   03B4 D5                  993 	.db #0xd5	; 213
   03B5 EA                  994 	.db #0xea	; 234
   03B6 D5                  995 	.db #0xd5	; 213
   03B7 EA                  996 	.db #0xea	; 234
   03B8 0F                  997 	.db #0x0f	; 15
   03B9 FF                  998 	.db #0xff	; 255
   03BA FF                  999 	.db #0xff	; 255
   03BB EA                 1000 	.db #0xea	; 234
   03BC FF                 1001 	.db #0xff	; 255
   03BD D5                 1002 	.db #0xd5	; 213
   03BE EA                 1003 	.db #0xea	; 234
   03BF EA                 1004 	.db #0xea	; 234
   03C0 D5                 1005 	.db #0xd5	; 213
   03C1 D5                 1006 	.db #0xd5	; 213
   03C2 EA                 1007 	.db #0xea	; 234
   03C3 FF                 1008 	.db #0xff	; 255
   03C4 D5                 1009 	.db #0xd5	; 213
   03C5 FF                 1010 	.db #0xff	; 255
   03C6 FF                 1011 	.db #0xff	; 255
   03C7 AF                 1012 	.db #0xaf	; 175
   03C8 D5                 1013 	.db #0xd5	; 213
   03C9 FF                 1014 	.db #0xff	; 255
   03CA FF                 1015 	.db #0xff	; 255
   03CB EA                 1016 	.db #0xea	; 234
   03CC 5F                 1017 	.db #0x5f	; 95
   03CD FF                 1018 	.db #0xff	; 255
   03CE FF                 1019 	.db #0xff	; 255
   03CF EA                 1020 	.db #0xea	; 234
   03D0 FF                 1021 	.db #0xff	; 255
   03D1 D5                 1022 	.db #0xd5	; 213
   03D2 EA                 1023 	.db #0xea	; 234
   03D3 EA                 1024 	.db #0xea	; 234
   03D4 D5                 1025 	.db #0xd5	; 213
   03D5 D5                 1026 	.db #0xd5	; 213
   03D6 EA                 1027 	.db #0xea	; 234
   03D7 FF                 1028 	.db #0xff	; 255
   03D8 D5                 1029 	.db #0xd5	; 213
   03D9 FF                 1030 	.db #0xff	; 255
   03DA FF                 1031 	.db #0xff	; 255
   03DB 0F                 1032 	.db #0x0f	; 15
   03DC C0                 1033 	.db #0xc0	; 192
   03DD C0                 1034 	.db #0xc0	; 192
   03DE C0                 1035 	.db #0xc0	; 192
   03DF C0                 1036 	.db #0xc0	; 192
   03E0 0F                 1037 	.db #0x0f	; 15
   03E1 FF                 1038 	.db #0xff	; 255
   03E2 FF                 1039 	.db #0xff	; 255
   03E3 EA                 1040 	.db #0xea	; 234
   03E4 FF                 1041 	.db #0xff	; 255
   03E5 D5                 1042 	.db #0xd5	; 213
   03E6 EA                 1043 	.db #0xea	; 234
   03E7 EA                 1044 	.db #0xea	; 234
   03E8 D5                 1045 	.db #0xd5	; 213
   03E9 D5                 1046 	.db #0xd5	; 213
   03EA EA                 1047 	.db #0xea	; 234
   03EB FF                 1048 	.db #0xff	; 255
   03EC D5                 1049 	.db #0xd5	; 213
   03ED FF                 1050 	.db #0xff	; 255
   03EE FF                 1051 	.db #0xff	; 255
   03EF AF                 1052 	.db #0xaf	; 175
   03F0 C0                 1053 	.db #0xc0	; 192
   03F1 C0                 1054 	.db #0xc0	; 192
   03F2 C0                 1055 	.db #0xc0	; 192
   03F3 C0                 1056 	.db #0xc0	; 192
   03F4 5F                 1057 	.db #0x5f	; 95
   03F5 FF                 1058 	.db #0xff	; 255
   03F6 FF                 1059 	.db #0xff	; 255
   03F7 EA                 1060 	.db #0xea	; 234
   03F8 FF                 1061 	.db #0xff	; 255
   03F9 D5                 1062 	.db #0xd5	; 213
   03FA EA                 1063 	.db #0xea	; 234
   03FB EA                 1064 	.db #0xea	; 234
   03FC D5                 1065 	.db #0xd5	; 213
   03FD D5                 1066 	.db #0xd5	; 213
   03FE EA                 1067 	.db #0xea	; 234
   03FF FF                 1068 	.db #0xff	; 255
   0400 D5                 1069 	.db #0xd5	; 213
   0401 FF                 1070 	.db #0xff	; 255
   0402 FF                 1071 	.db #0xff	; 255
   0403 4A                 1072 	.db #0x4a	; 74	'J'
   0404 C0                 1073 	.db #0xc0	; 192
   0405 C0                 1074 	.db #0xc0	; 192
   0406 C0                 1075 	.db #0xc0	; 192
   0407 C0                 1076 	.db #0xc0	; 192
   0408 85                 1077 	.db #0x85	; 133
   0409 FF                 1078 	.db #0xff	; 255
   040A FF                 1079 	.db #0xff	; 255
   040B EA                 1080 	.db #0xea	; 234
   040C FF                 1081 	.db #0xff	; 255
   040D D5                 1082 	.db #0xd5	; 213
   040E EA                 1083 	.db #0xea	; 234
   040F EA                 1084 	.db #0xea	; 234
   0410 C0                 1085 	.db #0xc0	; 192
   0411 C0                 1086 	.db #0xc0	; 192
   0412 C0                 1087 	.db #0xc0	; 192
   0413 C0                 1088 	.db #0xc0	; 192
   0414 D5                 1089 	.db #0xd5	; 213
   0415 AF                 1090 	.db #0xaf	; 175
   0416 0F                 1091 	.db #0x0f	; 15
   0417 4A                 1092 	.db #0x4a	; 74	'J'
   0418 C0                 1093 	.db #0xc0	; 192
   0419 C0                 1094 	.db #0xc0	; 192
   041A C0                 1095 	.db #0xc0	; 192
   041B C0                 1096 	.db #0xc0	; 192
   041C 85                 1097 	.db #0x85	; 133
   041D 0F                 1098 	.db #0x0f	; 15
   041E 5F                 1099 	.db #0x5f	; 95
   041F EA                 1100 	.db #0xea	; 234
   0420 C0                 1101 	.db #0xc0	; 192
   0421 C0                 1102 	.db #0xc0	; 192
   0422 C0                 1103 	.db #0xc0	; 192
   0423 C0                 1104 	.db #0xc0	; 192
   0424 C0                 1105 	.db #0xc0	; 192
   0425 81                 1106 	.db #0x81	; 129
   0426 42                 1107 	.db #0x42	; 66	'B'
   0427 03                 1108 	.db #0x03	; 3
   0428 C0                 1109 	.db #0xc0	; 192
   0429 C0                 1110 	.db #0xc0	; 192
   042A C0                 1111 	.db #0xc0	; 192
   042B C0                 1112 	.db #0xc0	; 192
   042C C0                 1113 	.db #0xc0	; 192
   042D C0                 1114 	.db #0xc0	; 192
   042E C0                 1115 	.db #0xc0	; 192
   042F C0                 1116 	.db #0xc0	; 192
   0430 C0                 1117 	.db #0xc0	; 192
   0431 C0                 1118 	.db #0xc0	; 192
   0432 C0                 1119 	.db #0xc0	; 192
   0433 C0                 1120 	.db #0xc0	; 192
   0434 03                 1121 	.db #0x03	; 3
   0435 81                 1122 	.db #0x81	; 129
   0436 42                 1123 	.db #0x42	; 66	'B'
   0437 C0                 1124 	.db #0xc0	; 192
   0438 C0                 1125 	.db #0xc0	; 192
   0439 81                 1126 	.db #0x81	; 129
   043A 42                 1127 	.db #0x42	; 66	'B'
   043B 03                 1128 	.db #0x03	; 3
   043C C0                 1129 	.db #0xc0	; 192
   043D C0                 1130 	.db #0xc0	; 192
   043E C0                 1131 	.db #0xc0	; 192
   043F C0                 1132 	.db #0xc0	; 192
   0440 C0                 1133 	.db #0xc0	; 192
   0441 C0                 1134 	.db #0xc0	; 192
   0442 C0                 1135 	.db #0xc0	; 192
   0443 C0                 1136 	.db #0xc0	; 192
   0444 C0                 1137 	.db #0xc0	; 192
   0445 C0                 1138 	.db #0xc0	; 192
   0446 C0                 1139 	.db #0xc0	; 192
   0447 C0                 1140 	.db #0xc0	; 192
   0448 03                 1141 	.db #0x03	; 3
   0449 81                 1142 	.db #0x81	; 129
   044A 42                 1143 	.db #0x42	; 66	'B'
   044B C0                 1144 	.db #0xc0	; 192
   044C C0                 1145 	.db #0xc0	; 192
   044D C0                 1146 	.db #0xc0	; 192
   044E C0                 1147 	.db #0xc0	; 192
   044F C0                 1148 	.db #0xc0	; 192
   0450 C0                 1149 	.db #0xc0	; 192
   0451 C0                 1150 	.db #0xc0	; 192
   0452 C0                 1151 	.db #0xc0	; 192
   0453 C0                 1152 	.db #0xc0	; 192
   0454 C0                 1153 	.db #0xc0	; 192
   0455 C0                 1154 	.db #0xc0	; 192
   0456 C0                 1155 	.db #0xc0	; 192
   0457 C0                 1156 	.db #0xc0	; 192
   0458 C0                 1157 	.db #0xc0	; 192
   0459 C0                 1158 	.db #0xc0	; 192
   045A C0                 1159 	.db #0xc0	; 192
   045B C0                 1160 	.db #0xc0	; 192
   045C C0                 1161 	.db #0xc0	; 192
   045D C0                 1162 	.db #0xc0	; 192
   045E C0                 1163 	.db #0xc0	; 192
   045F C0                 1164 	.db #0xc0	; 192
                           1165 	.area _INITIALIZER
                           1166 	.area _CABS (ABS)
