                              1 ;--------------------------------------------------------
                              2 ; File Created by SDCC : free open source ANSI-C Compiler
                              3 ; Version 3.6.8 #9946 (Mac OS X x86_64)
                              4 ;--------------------------------------------------------
                              5 	.module ovni
                              6 	.optsdcc -mz80
                              7 	
                              8 ;--------------------------------------------------------
                              9 ; Public variables in this module
                             10 ;--------------------------------------------------------
                             11 	.globl _sp_ovni
                             12 ;--------------------------------------------------------
                             13 ; special function registers
                             14 ;--------------------------------------------------------
                             15 ;--------------------------------------------------------
                             16 ; ram data
                             17 ;--------------------------------------------------------
                             18 	.area _DATA
                             19 ;--------------------------------------------------------
                             20 ; ram data
                             21 ;--------------------------------------------------------
                             22 	.area _INITIALIZED
                             23 ;--------------------------------------------------------
                             24 ; absolute external ram data
                             25 ;--------------------------------------------------------
                             26 	.area _DABS (ABS)
                             27 ;--------------------------------------------------------
                             28 ; global & static initialisations
                             29 ;--------------------------------------------------------
                             30 	.area _HOME
                             31 	.area _GSINIT
                             32 	.area _GSFINAL
                             33 	.area _GSINIT
                             34 ;--------------------------------------------------------
                             35 ; Home
                             36 ;--------------------------------------------------------
                             37 	.area _HOME
                             38 	.area _HOME
                             39 ;--------------------------------------------------------
                             40 ; code
                             41 ;--------------------------------------------------------
                             42 	.area _CODE
                             43 	.area _CODE
   0000                      44 _sp_ovni:
   0000 C0                   45 	.db #0xc0	; 192
   0001 C0                   46 	.db #0xc0	; 192
   0002 C0                   47 	.db #0xc0	; 192
   0003 C0                   48 	.db #0xc0	; 192
   0004 C0                   49 	.db #0xc0	; 192
   0005 C0                   50 	.db #0xc0	; 192
   0006 C0                   51 	.db #0xc0	; 192
   0007 C0                   52 	.db #0xc0	; 192
   0008 C0                   53 	.db #0xc0	; 192
   0009 C0                   54 	.db #0xc0	; 192
   000A C0                   55 	.db #0xc0	; 192
   000B C0                   56 	.db #0xc0	; 192
   000C C0                   57 	.db #0xc0	; 192
   000D C0                   58 	.db #0xc0	; 192
   000E C0                   59 	.db #0xc0	; 192
   000F C0                   60 	.db #0xc0	; 192
   0010 E0                   61 	.db #0xe0	; 224
   0011 F0                   62 	.db #0xf0	; 240
   0012 F0                   63 	.db #0xf0	; 240
   0013 D0                   64 	.db #0xd0	; 208
   0014 C0                   65 	.db #0xc0	; 192
   0015 C0                   66 	.db #0xc0	; 192
   0016 C0                   67 	.db #0xc0	; 192
   0017 C0                   68 	.db #0xc0	; 192
   0018 C0                   69 	.db #0xc0	; 192
   0019 C0                   70 	.db #0xc0	; 192
   001A D0                   71 	.db #0xd0	; 208
   001B F0                   72 	.db #0xf0	; 240
   001C C0                   73 	.db #0xc0	; 192
   001D F0                   74 	.db #0xf0	; 240
   001E F0                   75 	.db #0xf0	; 240
   001F C0                   76 	.db #0xc0	; 192
   0020 F0                   77 	.db #0xf0	; 240
   0021 E0                   78 	.db #0xe0	; 224
   0022 C0                   79 	.db #0xc0	; 192
   0023 C0                   80 	.db #0xc0	; 192
   0024 C0                   81 	.db #0xc0	; 192
   0025 D0                   82 	.db #0xd0	; 208
   0026 F0                   83 	.db #0xf0	; 240
   0027 F0                   84 	.db #0xf0	; 240
   0028 C0                   85 	.db #0xc0	; 192
   0029 F0                   86 	.db #0xf0	; 240
   002A F0                   87 	.db #0xf0	; 240
   002B C0                   88 	.db #0xc0	; 192
   002C F0                   89 	.db #0xf0	; 240
   002D F0                   90 	.db #0xf0	; 240
   002E E0                   91 	.db #0xe0	; 224
   002F C0                   92 	.db #0xc0	; 192
   0030 C0                   93 	.db #0xc0	; 192
   0031 F0                   94 	.db #0xf0	; 240
   0032 F0                   95 	.db #0xf0	; 240
   0033 F0                   96 	.db #0xf0	; 240
   0034 94                   97 	.db #0x94	; 148
   0035 C0                   98 	.db #0xc0	; 192
   0036 C0                   99 	.db #0xc0	; 192
   0037 68                  100 	.db #0x68	; 104	'h'
   0038 F0                  101 	.db #0xf0	; 240
   0039 F0                  102 	.db #0xf0	; 240
   003A F0                  103 	.db #0xf0	; 240
   003B C0                  104 	.db #0xc0	; 192
   003C D0                  105 	.db #0xd0	; 208
   003D F0                  106 	.db #0xf0	; 240
   003E F0                  107 	.db #0xf0	; 240
   003F F0                  108 	.db #0xf0	; 240
   0040 94                  109 	.db #0x94	; 148
   0041 FF                  110 	.db #0xff	; 255
   0042 3C                  111 	.db #0x3c	; 60
   0043 68                  112 	.db #0x68	; 104	'h'
   0044 F0                  113 	.db #0xf0	; 240
   0045 F0                  114 	.db #0xf0	; 240
   0046 F0                  115 	.db #0xf0	; 240
   0047 E0                  116 	.db #0xe0	; 224
   0048 D0                  117 	.db #0xd0	; 208
   0049 F0                  118 	.db #0xf0	; 240
   004A F0                  119 	.db #0xf0	; 240
   004B F0                  120 	.db #0xf0	; 240
   004C E0                  121 	.db #0xe0	; 224
   004D 3C                  122 	.db #0x3c	; 60
   004E 3C                  123 	.db #0x3c	; 60
   004F D0                  124 	.db #0xd0	; 208
   0050 F0                  125 	.db #0xf0	; 240
   0051 F0                  126 	.db #0xf0	; 240
   0052 F0                  127 	.db #0xf0	; 240
   0053 E0                  128 	.db #0xe0	; 224
   0054 C0                  129 	.db #0xc0	; 192
   0055 F0                  130 	.db #0xf0	; 240
   0056 F0                  131 	.db #0xf0	; 240
   0057 F0                  132 	.db #0xf0	; 240
   0058 F0                  133 	.db #0xf0	; 240
   0059 C0                  134 	.db #0xc0	; 192
   005A C0                  135 	.db #0xc0	; 192
   005B F0                  136 	.db #0xf0	; 240
   005C F0                  137 	.db #0xf0	; 240
   005D F0                  138 	.db #0xf0	; 240
   005E F0                  139 	.db #0xf0	; 240
   005F C0                  140 	.db #0xc0	; 192
   0060 D0                  141 	.db #0xd0	; 208
   0061 D0                  142 	.db #0xd0	; 208
   0062 F0                  143 	.db #0xf0	; 240
   0063 F0                  144 	.db #0xf0	; 240
   0064 F0                  145 	.db #0xf0	; 240
   0065 F0                  146 	.db #0xf0	; 240
   0066 F0                  147 	.db #0xf0	; 240
   0067 F0                  148 	.db #0xf0	; 240
   0068 F0                  149 	.db #0xf0	; 240
   0069 F0                  150 	.db #0xf0	; 240
   006A E0                  151 	.db #0xe0	; 224
   006B E0                  152 	.db #0xe0	; 224
   006C D0                  153 	.db #0xd0	; 208
   006D E0                  154 	.db #0xe0	; 224
   006E D0                  155 	.db #0xd0	; 208
   006F F0                  156 	.db #0xf0	; 240
   0070 F0                  157 	.db #0xf0	; 240
   0071 F0                  158 	.db #0xf0	; 240
   0072 F0                  159 	.db #0xf0	; 240
   0073 F0                  160 	.db #0xf0	; 240
   0074 F0                  161 	.db #0xf0	; 240
   0075 E0                  162 	.db #0xe0	; 224
   0076 D0                  163 	.db #0xd0	; 208
   0077 E0                  164 	.db #0xe0	; 224
   0078 D0                  165 	.db #0xd0	; 208
   0079 F0                  166 	.db #0xf0	; 240
   007A E0                  167 	.db #0xe0	; 224
   007B C0                  168 	.db #0xc0	; 192
   007C F0                  169 	.db #0xf0	; 240
   007D F0                  170 	.db #0xf0	; 240
   007E F0                  171 	.db #0xf0	; 240
   007F F0                  172 	.db #0xf0	; 240
   0080 C0                  173 	.db #0xc0	; 192
   0081 D0                  174 	.db #0xd0	; 208
   0082 F0                  175 	.db #0xf0	; 240
   0083 E0                  176 	.db #0xe0	; 224
   0084 C0                  177 	.db #0xc0	; 192
   0085 F0                  178 	.db #0xf0	; 240
   0086 F0                  179 	.db #0xf0	; 240
   0087 F0                  180 	.db #0xf0	; 240
   0088 C0                  181 	.db #0xc0	; 192
   0089 C0                  182 	.db #0xc0	; 192
   008A C0                  183 	.db #0xc0	; 192
   008B C0                  184 	.db #0xc0	; 192
   008C F0                  185 	.db #0xf0	; 240
   008D F0                  186 	.db #0xf0	; 240
   008E F0                  187 	.db #0xf0	; 240
   008F C0                  188 	.db #0xc0	; 192
   0090 C0                  189 	.db #0xc0	; 192
   0091 D0                  190 	.db #0xd0	; 208
   0092 F0                  191 	.db #0xf0	; 240
   0093 F0                  192 	.db #0xf0	; 240
   0094 F0                  193 	.db #0xf0	; 240
   0095 F0                  194 	.db #0xf0	; 240
   0096 F0                  195 	.db #0xf0	; 240
   0097 F0                  196 	.db #0xf0	; 240
   0098 F0                  197 	.db #0xf0	; 240
   0099 F0                  198 	.db #0xf0	; 240
   009A E0                  199 	.db #0xe0	; 224
   009B C0                  200 	.db #0xc0	; 192
   009C C0                  201 	.db #0xc0	; 192
   009D C0                  202 	.db #0xc0	; 192
   009E D0                  203 	.db #0xd0	; 208
   009F F0                  204 	.db #0xf0	; 240
   00A0 F0                  205 	.db #0xf0	; 240
   00A1 F0                  206 	.db #0xf0	; 240
   00A2 F0                  207 	.db #0xf0	; 240
   00A3 F0                  208 	.db #0xf0	; 240
   00A4 F0                  209 	.db #0xf0	; 240
   00A5 E0                  210 	.db #0xe0	; 224
   00A6 C0                  211 	.db #0xc0	; 192
   00A7 C0                  212 	.db #0xc0	; 192
   00A8 C0                  213 	.db #0xc0	; 192
   00A9 C0                  214 	.db #0xc0	; 192
   00AA C0                  215 	.db #0xc0	; 192
   00AB C0                  216 	.db #0xc0	; 192
   00AC F0                  217 	.db #0xf0	; 240
   00AD F0                  218 	.db #0xf0	; 240
   00AE F0                  219 	.db #0xf0	; 240
   00AF F0                  220 	.db #0xf0	; 240
   00B0 C0                  221 	.db #0xc0	; 192
   00B1 C0                  222 	.db #0xc0	; 192
   00B2 C0                  223 	.db #0xc0	; 192
   00B3 C0                  224 	.db #0xc0	; 192
   00B4 C0                  225 	.db #0xc0	; 192
   00B5 C0                  226 	.db #0xc0	; 192
   00B6 C0                  227 	.db #0xc0	; 192
   00B7 C0                  228 	.db #0xc0	; 192
   00B8 C0                  229 	.db #0xc0	; 192
   00B9 C0                  230 	.db #0xc0	; 192
   00BA C0                  231 	.db #0xc0	; 192
   00BB C0                  232 	.db #0xc0	; 192
   00BC C0                  233 	.db #0xc0	; 192
   00BD C0                  234 	.db #0xc0	; 192
   00BE C0                  235 	.db #0xc0	; 192
   00BF C0                  236 	.db #0xc0	; 192
                            237 	.area _INITIALIZER
                            238 	.area _CABS (ABS)
