                              1 ;--------------------------------------------------------
                              2 ; File Created by SDCC : free open source ANSI-C Compiler
                              3 ; Version 3.6.8 #9946 (Mac OS X x86_64)
                              4 ;--------------------------------------------------------
                              5 	.module main
                              6 	.optsdcc -mz80
                              7 	
                              8 ;--------------------------------------------------------
                              9 ; Public variables in this module
                             10 ;--------------------------------------------------------
                             11 	.globl _main
                             12 	.globl _cpct_getScreenPtr
                             13 	.globl _cpct_setPALColour
                             14 	.globl _cpct_setPalette
                             15 	.globl _cpct_setVideoMode
                             16 	.globl _cpct_drawSprite
                             17 	.globl _cpct_disableFirmware
                             18 ;--------------------------------------------------------
                             19 ; special function registers
                             20 ;--------------------------------------------------------
                             21 ;--------------------------------------------------------
                             22 ; ram data
                             23 ;--------------------------------------------------------
                             24 	.area _DATA
                             25 ;--------------------------------------------------------
                             26 ; ram data
                             27 ;--------------------------------------------------------
                             28 	.area _INITIALIZED
                             29 ;--------------------------------------------------------
                             30 ; absolute external ram data
                             31 ;--------------------------------------------------------
                             32 	.area _DABS (ABS)
                             33 ;--------------------------------------------------------
                             34 ; global & static initialisations
                             35 ;--------------------------------------------------------
                             36 	.area _HOME
                             37 	.area _GSINIT
                             38 	.area _GSFINAL
                             39 	.area _GSINIT
                             40 ;--------------------------------------------------------
                             41 ; Home
                             42 ;--------------------------------------------------------
                             43 	.area _HOME
                             44 	.area _HOME
                             45 ;--------------------------------------------------------
                             46 ; code
                             47 ;--------------------------------------------------------
                             48 	.area _CODE
                             49 ;src/main.c:23: void main(void) {
                             50 ;	---------------------------------
                             51 ; Function main
                             52 ; ---------------------------------
   0000                      53 _main::
                             54 ;src/main.c:24: cpct_disableFirmware();
   0000 CDr00r00      [17]   55 	call	_cpct_disableFirmware
                             56 ;src/main.c:25: cpct_setVideoMode(0);
   0003 2E 00         [ 7]   57 	ld	l, #0x00
   0005 CDr00r00      [17]   58 	call	_cpct_setVideoMode
                             59 ;src/main.c:26: cpct_setPalette(g_palette, 16);
   0008 21 10 00      [10]   60 	ld	hl, #0x0010
   000B E5            [11]   61 	push	hl
   000C 21r00r00      [10]   62 	ld	hl, #_g_palette
   000F E5            [11]   63 	push	hl
   0010 CDr00r00      [17]   64 	call	_cpct_setPalette
                             65 ;src/main.c:27: cpct_setBorder(HW_BLACK);
   0013 21 10 14      [10]   66 	ld	hl, #0x1410
   0016 E5            [11]   67 	push	hl
   0017 CDr00r00      [17]   68 	call	_cpct_setPALColour
                             69 ;src/main.c:30: u8 *pvmem = cpct_getScreenPtr(CPCT_VMEM_START, 40, 100);
   001A 21 28 64      [10]   70 	ld	hl, #0x6428
   001D E5            [11]   71 	push	hl
   001E 21 00 C0      [10]   72 	ld	hl, #0xc000
   0021 E5            [11]   73 	push	hl
   0022 CDr00r00      [17]   74 	call	_cpct_getScreenPtr
                             75 ;src/main.c:31: cpct_drawSprite(sp_player_ship, pvmem, SP_PLAYER_SHIP_W, SP_PLAYER_SHIP_H);
   0025 01r00r00      [10]   76 	ld	bc, #_sp_player_ship+0
   0028 11 14 38      [10]   77 	ld	de, #0x3814
   002B D5            [11]   78 	push	de
   002C E5            [11]   79 	push	hl
   002D C5            [11]   80 	push	bc
   002E CDr00r00      [17]   81 	call	_cpct_drawSprite
                             82 ;src/main.c:33: while (1);
   0031                      83 00102$:
   0031 18 FE         [12]   84 	jr	00102$
                             85 	.area _CODE
                             86 	.area _INITIALIZER
                             87 	.area _CABS (ABS)
